<?xml version="1.0" encoding="UTF-8"?>
<testng-results ignored="0" total="1" passed="1" failed="0" skipped="0">
  <reporter-output>
  </reporter-output>
  <suite started-at="2022-06-14T13:47:42 PKT" name="Amazon Regression" finished-at="2022-06-14T13:48:59 PKT" duration-ms="76874">
    <groups>
    </groups>
    <test started-at="2022-06-14T13:47:42 PKT" name="AmazonSearch" finished-at="2022-06-14T13:48:59 PKT" duration-ms="76874">
      <class name="tests.AmazonSearchTestCases">
        <test-method is-config="true" signature="setup()[pri:0, instance:tests.AmazonSearchTestCases@732c2a62]" started-at="2022-06-14T13:47:42 PKT" name="setup" finished-at="2022-06-14T13:47:54 PKT" duration-ms="12035" status="PASS">
          <reporter-output>
          </reporter-output>
        </test-method> <!-- setup -->
        <test-method signature="searchWristWatchWithFilters()[pri:0, instance:tests.AmazonSearchTestCases@732c2a62]" started-at="2022-06-14T13:47:54 PKT" name="searchWristWatchWithFilters" finished-at="2022-06-14T13:48:55 PKT" duration-ms="60646" status="PASS">
          <reporter-output>
          </reporter-output>
        </test-method> <!-- searchWristWatchWithFilters -->
        <test-method is-config="true" signature="teardown()[pri:0, instance:tests.AmazonSearchTestCases@732c2a62]" started-at="2022-06-14T13:48:55 PKT" name="teardown" finished-at="2022-06-14T13:48:59 PKT" duration-ms="4146" status="PASS">
          <reporter-output>
          </reporter-output>
        </test-method> <!-- teardown -->
      </class> <!-- tests.AmazonSearchTestCases -->
    </test> <!-- AmazonSearch -->
  </suite> <!-- Amazon Regression -->
</testng-results>
